Performing C++ SOURCE FILE Test , failed with the following output:
Change Dir: /home/smher/HR-SLAMs/BackEnd/cmake-build-debug/CMakeFiles/CMakeTmp

Run Build Command:"/usr/bin/make" "cmTC_54306/fast"
/usr/bin/make -f CMakeFiles/cmTC_54306.dir/build.make CMakeFiles/cmTC_54306.dir/build
make[1]: Entering directory `/home/smher/HR-SLAMs/BackEnd/cmake-build-debug/CMakeFiles/CMakeTmp'
Building CXX object CMakeFiles/cmTC_54306.dir/src.cxx.o
/usr/bin/c++     -D,   -std=c++11 -o CMakeFiles/cmTC_54306.dir/src.cxx.o -c /home/smher/HR-SLAMs/BackEnd/cmake-build-debug/CMakeFiles/CMakeTmp/src.cxx
<command-line>:0:1: error: macro names must be identifiers
make[1]: *** [CMakeFiles/cmTC_54306.dir/src.cxx.o] Error 1
make[1]: Leaving directory `/home/smher/HR-SLAMs/BackEnd/cmake-build-debug/CMakeFiles/CMakeTmp'
make: *** [cmTC_54306/fast] Error 2

Source file was:
int main() { return 0; }
Determining if the pthread_create exist failed with the following output:
Change Dir: /home/smher/HR-SLAMs/BackEnd/cmake-build-debug/CMakeFiles/CMakeTmp

Run Build Command:"/usr/bin/make" "cmTC_5c34c/fast"
/usr/bin/make -f CMakeFiles/cmTC_5c34c.dir/build.make CMakeFiles/cmTC_5c34c.dir/build
make[1]: Entering directory `/home/smher/HR-SLAMs/BackEnd/cmake-build-debug/CMakeFiles/CMakeTmp'
Building C object CMakeFiles/cmTC_5c34c.dir/CheckSymbolExists.c.o
/usr/bin/cc    -fPIC    -o CMakeFiles/cmTC_5c34c.dir/CheckSymbolExists.c.o   -c /home/smher/HR-SLAMs/BackEnd/cmake-build-debug/CMakeFiles/CMakeTmp/CheckSymbolExists.c
Linking C executable cmTC_5c34c
/home/smher/Documents/Linux_setup_files/clion-2017.1.3/bin/cmake/bin/cmake -E cmake_link_script CMakeFiles/cmTC_5c34c.dir/link.txt --verbose=1
/usr/bin/cc  -fPIC     CMakeFiles/cmTC_5c34c.dir/CheckSymbolExists.c.o  -o cmTC_5c34c 
CMakeFiles/cmTC_5c34c.dir/CheckSymbolExists.c.o: In function `main':
CheckSymbolExists.c:(.text+0x1b): undefined reference to `pthread_create'
collect2: error: ld returned 1 exit status
make[1]: *** [cmTC_5c34c] Error 1
make[1]: Leaving directory `/home/smher/HR-SLAMs/BackEnd/cmake-build-debug/CMakeFiles/CMakeTmp'
make: *** [cmTC_5c34c/fast] Error 2

File /home/smher/HR-SLAMs/BackEnd/cmake-build-debug/CMakeFiles/CMakeTmp/CheckSymbolExists.c:
/* */
#include <pthread.h>

int main(int argc, char** argv)
{
  (void)argv;
#ifndef pthread_create
  return ((int*)(&pthread_create))[argc];
#else
  (void)argc;
  return 0;
#endif
}

Determining if the function pthread_create exists in the pthreads failed with the following output:
Change Dir: /home/smher/HR-SLAMs/BackEnd/cmake-build-debug/CMakeFiles/CMakeTmp

Run Build Command:"/usr/bin/make" "cmTC_983a1/fast"
/usr/bin/make -f CMakeFiles/cmTC_983a1.dir/build.make CMakeFiles/cmTC_983a1.dir/build
make[1]: Entering directory `/home/smher/HR-SLAMs/BackEnd/cmake-build-debug/CMakeFiles/CMakeTmp'
Building C object CMakeFiles/cmTC_983a1.dir/CheckFunctionExists.c.o
/usr/bin/cc    -fPIC -DCHECK_FUNCTION_EXISTS=pthread_create   -o CMakeFiles/cmTC_983a1.dir/CheckFunctionExists.c.o   -c /home/smher/Documents/Linux_setup_files/clion-2017.1.3/bin/cmake/share/cmake-3.7/Modules/CheckFunctionExists.c
Linking C executable cmTC_983a1
/home/smher/Documents/Linux_setup_files/clion-2017.1.3/bin/cmake/bin/cmake -E cmake_link_script CMakeFiles/cmTC_983a1.dir/link.txt --verbose=1
/usr/bin/cc  -fPIC -DCHECK_FUNCTION_EXISTS=pthread_create    CMakeFiles/cmTC_983a1.dir/CheckFunctionExists.c.o  -o cmTC_983a1 -lpthreads 
/usr/bin/ld: cannot find -lpthreads
collect2: error: ld returned 1 exit status
make[1]: *** [cmTC_983a1] Error 1
make[1]: Leaving directory `/home/smher/HR-SLAMs/BackEnd/cmake-build-debug/CMakeFiles/CMakeTmp'
make: *** [cmTC_983a1/fast] Error 2


